<?xml version="1.0" encoding="UTF-8"?>
<testsuite xmlns:xsi="http://www.w3.org/2001/XMLSchema-instance" xsi:noNamespaceSchemaLocation="https://maven.apache.org/surefire/maven-surefire-plugin/xsd/surefire-test-report.xsd" version="3.0.2" name="ua.opnu.resttest.RestTestApplicationTests" time="2.505" tests="1" errors="0" skipped="0" failures="0">
  <properties>
[...]
</properties>
  <testcase name="contextLoads" classname="ua.opnu.resttest.RestTestApplicationTests" time="0.695">
    <system-out><![CDATA[11:45:52.377 [main] INFO org.springframework.test.context.support.AnnotationConfigContextLoaderUtils -- Could not detect default configuration classes for test class [ua.opnu.resttest.RestTestApplicationTests]: RestTestApplicationTests does not declare any static, non-private, non-final, nested classes annotated with @Configuration.
11:45:52.534 [main] INFO org.springframework.boot.test.context.SpringBootTestContextBootstrapper -- Found @SpringBootConfiguration ua.opnu.resttest.RestTestApplication for test class ua.opnu.resttest.RestTestApplicationTests

  .   ____          _            __ _ _
 /\\ / ___'_ __ _ _(_)_ __  __ _ \ \ \ \
( ( )\___ | '_ | '_| | '_ \/ _` | \ \ \ \
 \\/  ___)| |_)| | | | | || (_| |  ) ) ) )
  '  |____| .__|_| |_|_| |_\__, | / / / /
 =========|_|==============|___/=/_/_/_/

 :: Spring Boot ::                (v3.4.3)

2025-03-13T11:45:52.977+02:00  INFO 2748 --- [rest-test] [           main] u.o.resttest.RestTestApplicationTests    : Starting RestTestApplicationTests using Java 23.0.2 with PID 2748 (started by nickg in C:\Users\nickg\IdeaProjects\rest-test)
2025-03-13T11:45:52.979+02:00  INFO 2748 --- [rest-test] [           main] u.o.resttest.RestTestApplicationTests    : No active profile set, falling back to 1 default profile: "default"
2025-03-13T11:45:53.989+02:00  INFO 2748 --- [rest-test] [           main] u.o.resttest.RestTestApplicationTests    : Started RestTestApplicationTests in 1.303 seconds (process running for 2.429)
]]></system-out>
    <system-err><![CDATA[Mockito is currently self-attaching to enable the inline-mock-maker. This will no longer work in future releases of the JDK. Please add Mockito as an agent to your build what is described in Mockito's documentation: https://javadoc.io/doc/org.mockito/mockito-core/latest/org/mockito/Mockito.html#0.3
WARNING: A Java agent has been loaded dynamically (C:\Users\nickg\.m2\repository\net\bytebuddy\byte-buddy-agent\1.15.11\byte-buddy-agent-1.15.11.jar)
WARNING: If a serviceability tool is in use, please run with -XX:+EnableDynamicAgentLoading to hide this warning
WARNING: If a serviceability tool is not in use, please run with -Djdk.instrument.traceUsage for more information
WARNING: Dynamic loading of agents will be disallowed by default in a future release
]]></system-err>
  </testcase>
</testsuite>